<?xml version="1.0" encoding="UTF-8"?>
<testsuite xmlns:xsi="http://www.w3.org/2001/XMLSchema-instance" xsi:noNamespaceSchemaLocation="https://maven.apache.org/surefire/maven-surefire-plugin/xsd/surefire-test-report-3.0.xsd" version="3.0" name="com.niine.serverless.apiservice.StreamLambdaHandlerTest" time="1.931" tests="1" errors="0" skipped="0" failures="0">
  <properties>
    <property name="java.specification.version" value="23"/>
    <property name="sun.cpu.isalist" value="amd64"/>
    <property name="sun.jnu.encoding" value="Cp1252"/>
    <property name="java.class.path" value="C:\Users\HP\Desktop\Probation Work by Agastya\apiservice 2\apiservice 2\target\test-classes;C:\Users\HP\Desktop\Probation Work by Agastya\apiservice 2\apiservice 2\target\classes;C:\Users\HP\.m2\repository\com\amazonaws\serverless\aws-serverless-java-container-springboot3\2.0.3\aws-serverless-java-container-springboot3-2.0.3.jar;C:\Users\HP\.m2\repository\org\springframework\cloud\spring-cloud-function-serverless-web\4.1.2\spring-cloud-function-serverless-web-4.1.2.jar;C:\Users\HP\.m2\repository\com\amazonaws\serverless\aws-serverless-java-container-core\2.0.3\aws-serverless-java-container-core-2.0.3.jar;C:\Users\HP\.m2\repository\org\slf4j\slf4j-api\2.0.13\slf4j-api-2.0.13.jar;C:\Users\HP\.m2\repository\software\amazon\awssdk\s3\2.28.26\s3-2.28.26.jar;C:\Users\HP\.m2\repository\software\amazon\awssdk\aws-xml-protocol\2.28.26\aws-xml-protocol-2.28.26.jar;C:\Users\HP\.m2\repository\software\amazon\awssdk\aws-query-protocol\2.28.26\aws-query-protocol-2.28.26.jar;C:\Users\HP\.m2\repository\software\amazon\awssdk\protocol-core\2.28.26\protocol-core-2.28.26.jar;C:\Users\HP\.m2\repository\software\amazon\awssdk\arns\2.28.26\arns-2.28.26.jar;C:\Users\HP\.m2\repository\software\amazon\awssdk\profiles\2.28.26\profiles-2.28.26.jar;C:\Users\HP\.m2\repository\software\amazon\awssdk\crt-core\2.28.26\crt-core-2.28.26.jar;C:\Users\HP\.m2\repository\software\amazon\awssdk\http-auth\2.28.26\http-auth-2.28.26.jar;C:\Users\HP\.m2\repository\software\amazon\awssdk\identity-spi\2.28.26\identity-spi-2.28.26.jar;C:\Users\HP\.m2\repository\software\amazon\awssdk\http-auth-spi\2.28.26\http-auth-spi-2.28.26.jar;C:\Users\HP\.m2\repository\org\reactivestreams\reactive-streams\1.0.4\reactive-streams-1.0.4.jar;C:\Users\HP\.m2\repository\software\amazon\awssdk\http-auth-aws\2.28.26\http-auth-aws-2.28.26.jar;C:\Users\HP\.m2\repository\software\amazon\awssdk\checksums\2.28.26\checksums-2.28.26.jar;C:\Users\HP\.m2\repository\software\amazon\awssdk\checksums-spi\2.28.26\checksums-spi-2.28.26.jar;C:\Users\HP\.m2\repository\software\amazon\awssdk\retries-spi\2.28.26\retries-spi-2.28.26.jar;C:\Users\HP\.m2\repository\software\amazon\awssdk\sdk-core\2.28.26\sdk-core-2.28.26.jar;C:\Users\HP\.m2\repository\software\amazon\awssdk\retries\2.28.26\retries-2.28.26.jar;C:\Users\HP\.m2\repository\software\amazon\awssdk\auth\2.28.26\auth-2.28.26.jar;C:\Users\HP\.m2\repository\software\amazon\awssdk\http-auth-aws-eventstream\2.28.26\http-auth-aws-eventstream-2.28.26.jar;C:\Users\HP\.m2\repository\software\amazon\eventstream\eventstream\1.0.1\eventstream-1.0.1.jar;C:\Users\HP\.m2\repository\software\amazon\awssdk\http-client-spi\2.28.26\http-client-spi-2.28.26.jar;C:\Users\HP\.m2\repository\software\amazon\awssdk\regions\2.28.26\regions-2.28.26.jar;C:\Users\HP\.m2\repository\software\amazon\awssdk\annotations\2.28.26\annotations-2.28.26.jar;C:\Users\HP\.m2\repository\software\amazon\awssdk\utils\2.28.26\utils-2.28.26.jar;C:\Users\HP\.m2\repository\software\amazon\awssdk\aws-core\2.28.26\aws-core-2.28.26.jar;C:\Users\HP\.m2\repository\software\amazon\awssdk\metrics-spi\2.28.26\metrics-spi-2.28.26.jar;C:\Users\HP\.m2\repository\software\amazon\awssdk\json-utils\2.28.26\json-utils-2.28.26.jar;C:\Users\HP\.m2\repository\software\amazon\awssdk\third-party-jackson-core\2.28.26\third-party-jackson-core-2.28.26.jar;C:\Users\HP\.m2\repository\software\amazon\awssdk\endpoints-spi\2.28.26\endpoints-spi-2.28.26.jar;C:\Users\HP\.m2\repository\software\amazon\awssdk\apache-client\2.28.26\apache-client-2.28.26.jar;C:\Users\HP\.m2\repository\org\apache\httpcomponents\httpclient\4.5.13\httpclient-4.5.13.jar;C:\Users\HP\.m2\repository\org\apache\httpcomponents\httpcore\4.4.16\httpcore-4.4.16.jar;C:\Users\HP\.m2\repository\commons-codec\commons-codec\1.16.1\commons-codec-1.16.1.jar;C:\Users\HP\.m2\repository\software\amazon\awssdk\netty-nio-client\2.28.26\netty-nio-client-2.28.26.jar;C:\Users\HP\.m2\repository\io\netty\netty-codec-http\4.1.111.Final\netty-codec-http-4.1.111.Final.jar;C:\Users\HP\.m2\repository\io\netty\netty-codec-http2\4.1.111.Final\netty-codec-http2-4.1.111.Final.jar;C:\Users\HP\.m2\repository\io\netty\netty-codec\4.1.111.Final\netty-codec-4.1.111.Final.jar;C:\Users\HP\.m2\repository\io\netty\netty-transport\4.1.111.Final\netty-transport-4.1.111.Final.jar;C:\Users\HP\.m2\repository\io\netty\netty-common\4.1.111.Final\netty-common-4.1.111.Final.jar;C:\Users\HP\.m2\repository\io\netty\netty-buffer\4.1.111.Final\netty-buffer-4.1.111.Final.jar;C:\Users\HP\.m2\repository\io\netty\netty-handler\4.1.111.Final\netty-handler-4.1.111.Final.jar;C:\Users\HP\.m2\repository\io\netty\netty-transport-native-unix-common\4.1.111.Final\netty-transport-native-unix-common-4.1.111.Final.jar;C:\Users\HP\.m2\repository\io\netty\netty-transport-classes-epoll\4.1.111.Final\netty-transport-classes-epoll-4.1.111.Final.jar;C:\Users\HP\.m2\repository\io\netty\netty-resolver\4.1.111.Final\netty-resolver-4.1.111.Final.jar;C:\Users\HP\.m2\repository\com\amazonaws\aws-java-sdk-s3\1.12.773\aws-java-sdk-s3-1.12.773.jar;C:\Users\HP\.m2\repository\com\amazonaws\aws-java-sdk-kms\1.12.773\aws-java-sdk-kms-1.12.773.jar;C:\Users\HP\.m2\repository\com\amazonaws\aws-java-sdk-core\1.12.773\aws-java-sdk-core-1.12.773.jar;C:\Users\HP\.m2\repository\commons-logging\commons-logging\1.1.3\commons-logging-1.1.3.jar;C:\Users\HP\.m2\repository\com\fasterxml\jackson\dataformat\jackson-dataformat-cbor\2.15.4\jackson-dataformat-cbor-2.15.4.jar;C:\Users\HP\.m2\repository\com\amazonaws\jmespath-java\1.12.773\jmespath-java-1.12.773.jar;C:\Users\HP\.m2\repository\com\amazonaws\aws-lambda-java-core\1.2.3\aws-lambda-java-core-1.2.3.jar;C:\Users\HP\.m2\repository\com\amazonaws\aws-lambda-java-events\3.14.0\aws-lambda-java-events-3.14.0.jar;C:\Users\HP\.m2\repository\joda-time\joda-time\2.10.8\joda-time-2.10.8.jar;C:\Users\HP\.m2\repository\com\amazonaws\serverless\aws-serverless-java-container-core\2.0.3\aws-serverless-java-container-core-2.0.3-tests.jar;C:\Users\HP\.m2\repository\jakarta\servlet\jakarta.servlet-api\6.0.0\jakarta.servlet-api-6.0.0.jar;C:\Users\HP\.m2\repository\jakarta\ws\rs\jakarta.ws.rs-api\3.1.0\jakarta.ws.rs-api-3.1.0.jar;C:\Users\HP\.m2\repository\com\fasterxml\jackson\core\jackson-databind\2.15.4\jackson-databind-2.15.4.jar;C:\Users\HP\.m2\repository\com\fasterxml\jackson\core\jackson-annotations\2.15.4\jackson-annotations-2.15.4.jar;C:\Users\HP\.m2\repository\com\fasterxml\jackson\core\jackson-core\2.15.4\jackson-core-2.15.4.jar;C:\Users\HP\.m2\repository\com\fasterxml\jackson\module\jackson-module-afterburner\2.15.4\jackson-module-afterburner-2.15.4.jar;C:\Users\HP\.m2\repository\org\apache\commons\commons-fileupload2-jakarta-servlet6\2.0.0-M2\commons-fileupload2-jakarta-servlet6-2.0.0-M2.jar;C:\Users\HP\.m2\repository\org\apache\commons\commons-fileupload2-core\2.0.0-M2\commons-fileupload2-core-2.0.0-M2.jar;C:\Users\HP\.m2\repository\commons-io\commons-io\2.15.1\commons-io-2.15.1.jar;C:\Users\HP\.m2\repository\org\apache\httpcomponents\client5\httpclient5\5.2.1\httpclient5-5.2.1.jar;C:\Users\HP\.m2\repository\org\apache\httpcomponents\core5\httpcore5\5.2.4\httpcore5-5.2.4.jar;C:\Users\HP\.m2\repository\org\apache\httpcomponents\core5\httpcore5-h2\5.2.4\httpcore5-h2-5.2.4.jar;C:\Users\HP\.m2\repository\org\springframework\boot\spring-boot-starter-web\3.2.7\spring-boot-starter-web-3.2.7.jar;C:\Users\HP\.m2\repository\org\springframework\boot\spring-boot-starter\3.2.7\spring-boot-starter-3.2.7.jar;C:\Users\HP\.m2\repository\org\springframework\boot\spring-boot\3.2.7\spring-boot-3.2.7.jar;C:\Users\HP\.m2\repository\org\springframework\boot\spring-boot-autoconfigure\3.2.7\spring-boot-autoconfigure-3.2.7.jar;C:\Users\HP\.m2\repository\org\springframework\boot\spring-boot-starter-logging\3.2.7\spring-boot-starter-logging-3.2.7.jar;C:\Users\HP\.m2\repository\ch\qos\logback\logback-classic\1.4.14\logback-classic-1.4.14.jar;C:\Users\HP\.m2\repository\ch\qos\logback\logback-core\1.4.14\logback-core-1.4.14.jar;C:\Users\HP\.m2\repository\org\apache\logging\log4j\log4j-to-slf4j\2.21.1\log4j-to-slf4j-2.21.1.jar;C:\Users\HP\.m2\repository\org\apache\logging\log4j\log4j-api\2.21.1\log4j-api-2.21.1.jar;C:\Users\HP\.m2\repository\org\slf4j\jul-to-slf4j\2.0.13\jul-to-slf4j-2.0.13.jar;C:\Users\HP\.m2\repository\jakarta\annotation\jakarta.annotation-api\2.1.1\jakarta.annotation-api-2.1.1.jar;C:\Users\HP\.m2\repository\org\springframework\spring-core\6.1.10\spring-core-6.1.10.jar;C:\Users\HP\.m2\repository\org\springframework\spring-jcl\6.1.10\spring-jcl-6.1.10.jar;C:\Users\HP\.m2\repository\org\yaml\snakeyaml\2.2\snakeyaml-2.2.jar;C:\Users\HP\.m2\repository\org\springframework\boot\spring-boot-starter-json\3.2.7\spring-boot-starter-json-3.2.7.jar;C:\Users\HP\.m2\repository\com\fasterxml\jackson\datatype\jackson-datatype-jdk8\2.15.4\jackson-datatype-jdk8-2.15.4.jar;C:\Users\HP\.m2\repository\com\fasterxml\jackson\datatype\jackson-datatype-jsr310\2.15.4\jackson-datatype-jsr310-2.15.4.jar;C:\Users\HP\.m2\repository\com\fasterxml\jackson\module\jackson-module-parameter-names\2.15.4\jackson-module-parameter-names-2.15.4.jar;C:\Users\HP\.m2\repository\org\springframework\spring-web\6.1.10\spring-web-6.1.10.jar;C:\Users\HP\.m2\repository\org\springframework\spring-beans\6.1.10\spring-beans-6.1.10.jar;C:\Users\HP\.m2\repository\io\micrometer\micrometer-observation\1.12.7\micrometer-observation-1.12.7.jar;C:\Users\HP\.m2\repository\io\micrometer\micrometer-commons\1.12.7\micrometer-commons-1.12.7.jar;C:\Users\HP\.m2\repository\org\springframework\spring-webmvc\6.1.10\spring-webmvc-6.1.10.jar;C:\Users\HP\.m2\repository\org\springframework\spring-aop\6.1.10\spring-aop-6.1.10.jar;C:\Users\HP\.m2\repository\org\springframework\spring-context\6.1.10\spring-context-6.1.10.jar;C:\Users\HP\.m2\repository\org\springframework\spring-expression\6.1.10\spring-expression-6.1.10.jar;C:\Users\HP\.m2\repository\org\junit\jupiter\junit-jupiter\5.10.2\junit-jupiter-5.10.2.jar;C:\Users\HP\.m2\repository\org\junit\jupiter\junit-jupiter-api\5.10.2\junit-jupiter-api-5.10.2.jar;C:\Users\HP\.m2\repository\org\opentest4j\opentest4j\1.3.0\opentest4j-1.3.0.jar;C:\Users\HP\.m2\repository\org\junit\platform\junit-platform-commons\1.10.2\junit-platform-commons-1.10.2.jar;C:\Users\HP\.m2\repository\org\apiguardian\apiguardian-api\1.1.2\apiguardian-api-1.1.2.jar;C:\Users\HP\.m2\repository\org\junit\jupiter\junit-jupiter-params\5.10.2\junit-jupiter-params-5.10.2.jar;C:\Users\HP\.m2\repository\org\junit\jupiter\junit-jupiter-engine\5.10.2\junit-jupiter-engine-5.10.2.jar;C:\Users\HP\.m2\repository\org\junit\platform\junit-platform-engine\1.10.2\junit-platform-engine-1.10.2.jar;"/>
    <property name="java.vm.vendor" value="Oracle Corporation"/>
    <property name="sun.arch.data.model" value="64"/>
    <property name="user.variant" value=""/>
    <property name="java.vendor.url" value="https://java.oracle.com/"/>
    <property name="user.timezone" value="Asia/Calcutta"/>
    <property name="os.name" value="Windows 11"/>
    <property name="java.vm.specification.version" value="23"/>
    <property name="sun.java.launcher" value="SUN_STANDARD"/>
    <property name="user.country" value="US"/>
    <property name="sun.boot.library.path" value="C:\Program Files\Java\jdk-23\bin"/>
    <property name="sun.java.command" value="C:\Users\HP\AppData\Local\Temp\surefire3862409648991781170\surefirebooter-20250120143621869_3.jar C:\Users\HP\AppData\Local\Temp\surefire3862409648991781170 2025-01-20T14-36-21_755-jvmRun1 surefire-20250120143621869_1tmp surefire_0-20250120143621869_2tmp"/>
    <property name="jdk.debug" value="release"/>
    <property name="surefire.test.class.path" value="C:\Users\HP\Desktop\Probation Work by Agastya\apiservice 2\apiservice 2\target\test-classes;C:\Users\HP\Desktop\Probation Work by Agastya\apiservice 2\apiservice 2\target\classes;C:\Users\HP\.m2\repository\com\amazonaws\serverless\aws-serverless-java-container-springboot3\2.0.3\aws-serverless-java-container-springboot3-2.0.3.jar;C:\Users\HP\.m2\repository\org\springframework\cloud\spring-cloud-function-serverless-web\4.1.2\spring-cloud-function-serverless-web-4.1.2.jar;C:\Users\HP\.m2\repository\com\amazonaws\serverless\aws-serverless-java-container-core\2.0.3\aws-serverless-java-container-core-2.0.3.jar;C:\Users\HP\.m2\repository\org\slf4j\slf4j-api\2.0.13\slf4j-api-2.0.13.jar;C:\Users\HP\.m2\repository\software\amazon\awssdk\s3\2.28.26\s3-2.28.26.jar;C:\Users\HP\.m2\repository\software\amazon\awssdk\aws-xml-protocol\2.28.26\aws-xml-protocol-2.28.26.jar;C:\Users\HP\.m2\repository\software\amazon\awssdk\aws-query-protocol\2.28.26\aws-query-protocol-2.28.26.jar;C:\Users\HP\.m2\repository\software\amazon\awssdk\protocol-core\2.28.26\protocol-core-2.28.26.jar;C:\Users\HP\.m2\repository\software\amazon\awssdk\arns\2.28.26\arns-2.28.26.jar;C:\Users\HP\.m2\repository\software\amazon\awssdk\profiles\2.28.26\profiles-2.28.26.jar;C:\Users\HP\.m2\repository\software\amazon\awssdk\crt-core\2.28.26\crt-core-2.28.26.jar;C:\Users\HP\.m2\repository\software\amazon\awssdk\http-auth\2.28.26\http-auth-2.28.26.jar;C:\Users\HP\.m2\repository\software\amazon\awssdk\identity-spi\2.28.26\identity-spi-2.28.26.jar;C:\Users\HP\.m2\repository\software\amazon\awssdk\http-auth-spi\2.28.26\http-auth-spi-2.28.26.jar;C:\Users\HP\.m2\repository\org\reactivestreams\reactive-streams\1.0.4\reactive-streams-1.0.4.jar;C:\Users\HP\.m2\repository\software\amazon\awssdk\http-auth-aws\2.28.26\http-auth-aws-2.28.26.jar;C:\Users\HP\.m2\repository\software\amazon\awssdk\checksums\2.28.26\checksums-2.28.26.jar;C:\Users\HP\.m2\repository\software\amazon\awssdk\checksums-spi\2.28.26\checksums-spi-2.28.26.jar;C:\Users\HP\.m2\repository\software\amazon\awssdk\retries-spi\2.28.26\retries-spi-2.28.26.jar;C:\Users\HP\.m2\repository\software\amazon\awssdk\sdk-core\2.28.26\sdk-core-2.28.26.jar;C:\Users\HP\.m2\repository\software\amazon\awssdk\retries\2.28.26\retries-2.28.26.jar;C:\Users\HP\.m2\repository\software\amazon\awssdk\auth\2.28.26\auth-2.28.26.jar;C:\Users\HP\.m2\repository\software\amazon\awssdk\http-auth-aws-eventstream\2.28.26\http-auth-aws-eventstream-2.28.26.jar;C:\Users\HP\.m2\repository\software\amazon\eventstream\eventstream\1.0.1\eventstream-1.0.1.jar;C:\Users\HP\.m2\repository\software\amazon\awssdk\http-client-spi\2.28.26\http-client-spi-2.28.26.jar;C:\Users\HP\.m2\repository\software\amazon\awssdk\regions\2.28.26\regions-2.28.26.jar;C:\Users\HP\.m2\repository\software\amazon\awssdk\annotations\2.28.26\annotations-2.28.26.jar;C:\Users\HP\.m2\repository\software\amazon\awssdk\utils\2.28.26\utils-2.28.26.jar;C:\Users\HP\.m2\repository\software\amazon\awssdk\aws-core\2.28.26\aws-core-2.28.26.jar;C:\Users\HP\.m2\repository\software\amazon\awssdk\metrics-spi\2.28.26\metrics-spi-2.28.26.jar;C:\Users\HP\.m2\repository\software\amazon\awssdk\json-utils\2.28.26\json-utils-2.28.26.jar;C:\Users\HP\.m2\repository\software\amazon\awssdk\third-party-jackson-core\2.28.26\third-party-jackson-core-2.28.26.jar;C:\Users\HP\.m2\repository\software\amazon\awssdk\endpoints-spi\2.28.26\endpoints-spi-2.28.26.jar;C:\Users\HP\.m2\repository\software\amazon\awssdk\apache-client\2.28.26\apache-client-2.28.26.jar;C:\Users\HP\.m2\repository\org\apache\httpcomponents\httpclient\4.5.13\httpclient-4.5.13.jar;C:\Users\HP\.m2\repository\org\apache\httpcomponents\httpcore\4.4.16\httpcore-4.4.16.jar;C:\Users\HP\.m2\repository\commons-codec\commons-codec\1.16.1\commons-codec-1.16.1.jar;C:\Users\HP\.m2\repository\software\amazon\awssdk\netty-nio-client\2.28.26\netty-nio-client-2.28.26.jar;C:\Users\HP\.m2\repository\io\netty\netty-codec-http\4.1.111.Final\netty-codec-http-4.1.111.Final.jar;C:\Users\HP\.m2\repository\io\netty\netty-codec-http2\4.1.111.Final\netty-codec-http2-4.1.111.Final.jar;C:\Users\HP\.m2\repository\io\netty\netty-codec\4.1.111.Final\netty-codec-4.1.111.Final.jar;C:\Users\HP\.m2\repository\io\netty\netty-transport\4.1.111.Final\netty-transport-4.1.111.Final.jar;C:\Users\HP\.m2\repository\io\netty\netty-common\4.1.111.Final\netty-common-4.1.111.Final.jar;C:\Users\HP\.m2\repository\io\netty\netty-buffer\4.1.111.Final\netty-buffer-4.1.111.Final.jar;C:\Users\HP\.m2\repository\io\netty\netty-handler\4.1.111.Final\netty-handler-4.1.111.Final.jar;C:\Users\HP\.m2\repository\io\netty\netty-transport-native-unix-common\4.1.111.Final\netty-transport-native-unix-common-4.1.111.Final.jar;C:\Users\HP\.m2\repository\io\netty\netty-transport-classes-epoll\4.1.111.Final\netty-transport-classes-epoll-4.1.111.Final.jar;C:\Users\HP\.m2\repository\io\netty\netty-resolver\4.1.111.Final\netty-resolver-4.1.111.Final.jar;C:\Users\HP\.m2\repository\com\amazonaws\aws-java-sdk-s3\1.12.773\aws-java-sdk-s3-1.12.773.jar;C:\Users\HP\.m2\repository\com\amazonaws\aws-java-sdk-kms\1.12.773\aws-java-sdk-kms-1.12.773.jar;C:\Users\HP\.m2\repository\com\amazonaws\aws-java-sdk-core\1.12.773\aws-java-sdk-core-1.12.773.jar;C:\Users\HP\.m2\repository\commons-logging\commons-logging\1.1.3\commons-logging-1.1.3.jar;C:\Users\HP\.m2\repository\com\fasterxml\jackson\dataformat\jackson-dataformat-cbor\2.15.4\jackson-dataformat-cbor-2.15.4.jar;C:\Users\HP\.m2\repository\com\amazonaws\jmespath-java\1.12.773\jmespath-java-1.12.773.jar;C:\Users\HP\.m2\repository\com\amazonaws\aws-lambda-java-core\1.2.3\aws-lambda-java-core-1.2.3.jar;C:\Users\HP\.m2\repository\com\amazonaws\aws-lambda-java-events\3.14.0\aws-lambda-java-events-3.14.0.jar;C:\Users\HP\.m2\repository\joda-time\joda-time\2.10.8\joda-time-2.10.8.jar;C:\Users\HP\.m2\repository\com\amazonaws\serverless\aws-serverless-java-container-core\2.0.3\aws-serverless-java-container-core-2.0.3-tests.jar;C:\Users\HP\.m2\repository\jakarta\servlet\jakarta.servlet-api\6.0.0\jakarta.servlet-api-6.0.0.jar;C:\Users\HP\.m2\repository\jakarta\ws\rs\jakarta.ws.rs-api\3.1.0\jakarta.ws.rs-api-3.1.0.jar;C:\Users\HP\.m2\repository\com\fasterxml\jackson\core\jackson-databind\2.15.4\jackson-databind-2.15.4.jar;C:\Users\HP\.m2\repository\com\fasterxml\jackson\core\jackson-annotations\2.15.4\jackson-annotations-2.15.4.jar;C:\Users\HP\.m2\repository\com\fasterxml\jackson\core\jackson-core\2.15.4\jackson-core-2.15.4.jar;C:\Users\HP\.m2\repository\com\fasterxml\jackson\module\jackson-module-afterburner\2.15.4\jackson-module-afterburner-2.15.4.jar;C:\Users\HP\.m2\repository\org\apache\commons\commons-fileupload2-jakarta-servlet6\2.0.0-M2\commons-fileupload2-jakarta-servlet6-2.0.0-M2.jar;C:\Users\HP\.m2\repository\org\apache\commons\commons-fileupload2-core\2.0.0-M2\commons-fileupload2-core-2.0.0-M2.jar;C:\Users\HP\.m2\repository\commons-io\commons-io\2.15.1\commons-io-2.15.1.jar;C:\Users\HP\.m2\repository\org\apache\httpcomponents\client5\httpclient5\5.2.1\httpclient5-5.2.1.jar;C:\Users\HP\.m2\repository\org\apache\httpcomponents\core5\httpcore5\5.2.4\httpcore5-5.2.4.jar;C:\Users\HP\.m2\repository\org\apache\httpcomponents\core5\httpcore5-h2\5.2.4\httpcore5-h2-5.2.4.jar;C:\Users\HP\.m2\repository\org\springframework\boot\spring-boot-starter-web\3.2.7\spring-boot-starter-web-3.2.7.jar;C:\Users\HP\.m2\repository\org\springframework\boot\spring-boot-starter\3.2.7\spring-boot-starter-3.2.7.jar;C:\Users\HP\.m2\repository\org\springframework\boot\spring-boot\3.2.7\spring-boot-3.2.7.jar;C:\Users\HP\.m2\repository\org\springframework\boot\spring-boot-autoconfigure\3.2.7\spring-boot-autoconfigure-3.2.7.jar;C:\Users\HP\.m2\repository\org\springframework\boot\spring-boot-starter-logging\3.2.7\spring-boot-starter-logging-3.2.7.jar;C:\Users\HP\.m2\repository\ch\qos\logback\logback-classic\1.4.14\logback-classic-1.4.14.jar;C:\Users\HP\.m2\repository\ch\qos\logback\logback-core\1.4.14\logback-core-1.4.14.jar;C:\Users\HP\.m2\repository\org\apache\logging\log4j\log4j-to-slf4j\2.21.1\log4j-to-slf4j-2.21.1.jar;C:\Users\HP\.m2\repository\org\apache\logging\log4j\log4j-api\2.21.1\log4j-api-2.21.1.jar;C:\Users\HP\.m2\repository\org\slf4j\jul-to-slf4j\2.0.13\jul-to-slf4j-2.0.13.jar;C:\Users\HP\.m2\repository\jakarta\annotation\jakarta.annotation-api\2.1.1\jakarta.annotation-api-2.1.1.jar;C:\Users\HP\.m2\repository\org\springframework\spring-core\6.1.10\spring-core-6.1.10.jar;C:\Users\HP\.m2\repository\org\springframework\spring-jcl\6.1.10\spring-jcl-6.1.10.jar;C:\Users\HP\.m2\repository\org\yaml\snakeyaml\2.2\snakeyaml-2.2.jar;C:\Users\HP\.m2\repository\org\springframework\boot\spring-boot-starter-json\3.2.7\spring-boot-starter-json-3.2.7.jar;C:\Users\HP\.m2\repository\com\fasterxml\jackson\datatype\jackson-datatype-jdk8\2.15.4\jackson-datatype-jdk8-2.15.4.jar;C:\Users\HP\.m2\repository\com\fasterxml\jackson\datatype\jackson-datatype-jsr310\2.15.4\jackson-datatype-jsr310-2.15.4.jar;C:\Users\HP\.m2\repository\com\fasterxml\jackson\module\jackson-module-parameter-names\2.15.4\jackson-module-parameter-names-2.15.4.jar;C:\Users\HP\.m2\repository\org\springframework\spring-web\6.1.10\spring-web-6.1.10.jar;C:\Users\HP\.m2\repository\org\springframework\spring-beans\6.1.10\spring-beans-6.1.10.jar;C:\Users\HP\.m2\repository\io\micrometer\micrometer-observation\1.12.7\micrometer-observation-1.12.7.jar;C:\Users\HP\.m2\repository\io\micrometer\micrometer-commons\1.12.7\micrometer-commons-1.12.7.jar;C:\Users\HP\.m2\repository\org\springframework\spring-webmvc\6.1.10\spring-webmvc-6.1.10.jar;C:\Users\HP\.m2\repository\org\springframework\spring-aop\6.1.10\spring-aop-6.1.10.jar;C:\Users\HP\.m2\repository\org\springframework\spring-context\6.1.10\spring-context-6.1.10.jar;C:\Users\HP\.m2\repository\org\springframework\spring-expression\6.1.10\spring-expression-6.1.10.jar;C:\Users\HP\.m2\repository\org\junit\jupiter\junit-jupiter\5.10.2\junit-jupiter-5.10.2.jar;C:\Users\HP\.m2\repository\org\junit\jupiter\junit-jupiter-api\5.10.2\junit-jupiter-api-5.10.2.jar;C:\Users\HP\.m2\repository\org\opentest4j\opentest4j\1.3.0\opentest4j-1.3.0.jar;C:\Users\HP\.m2\repository\org\junit\platform\junit-platform-commons\1.10.2\junit-platform-commons-1.10.2.jar;C:\Users\HP\.m2\repository\org\apiguardian\apiguardian-api\1.1.2\apiguardian-api-1.1.2.jar;C:\Users\HP\.m2\repository\org\junit\jupiter\junit-jupiter-params\5.10.2\junit-jupiter-params-5.10.2.jar;C:\Users\HP\.m2\repository\org\junit\jupiter\junit-jupiter-engine\5.10.2\junit-jupiter-engine-5.10.2.jar;C:\Users\HP\.m2\repository\org\junit\platform\junit-platform-engine\1.10.2\junit-platform-engine-1.10.2.jar;"/>
    <property name="sun.cpu.endian" value="little"/>
    <property name="user.home" value="C:\Users\HP"/>
    <property name="user.language" value="en"/>
    <property name="java.specification.vendor" value="Oracle Corporation"/>
    <property name="java.version.date" value="2024-10-15"/>
    <property name="java.home" value="C:\Program Files\Java\jdk-23"/>
    <property name="file.separator" value="\"/>
    <property name="basedir" value="C:\Users\HP\Desktop\Probation Work by Agastya\apiservice 2\apiservice 2"/>
    <property name="java.vm.compressedOopsMode" value="Zero based"/>
    <property name="line.separator" value="&#10;"/>
    <property name="java.vm.specification.vendor" value="Oracle Corporation"/>
    <property name="java.specification.name" value="Java Platform API Specification"/>
    <property name="FILE_LOG_CHARSET" value="UTF-8"/>
    <property name="java.awt.headless" value="true"/>
    <property name="surefire.real.class.path" value="C:\Users\HP\AppData\Local\Temp\surefire3862409648991781170\surefirebooter-20250120143621869_3.jar"/>
    <property name="user.script" value=""/>
    <property name="sun.management.compiler" value="HotSpot 64-Bit Tiered Compilers"/>
    <property name="java.runtime.version" value="23.0.1+11-39"/>
    <property name="user.name" value="HP"/>
    <property name="stdout.encoding" value="Cp1252"/>
    <property name="path.separator" value=";"/>
    <property name="os.version" value="10.0"/>
    <property name="java.runtime.name" value="Java(TM) SE Runtime Environment"/>
    <property name="file.encoding" value="UTF-8"/>
    <property name="java.vm.name" value="Java HotSpot(TM) 64-Bit Server VM"/>
    <property name="localRepository" value="C:\Users\HP\.m2\repository"/>
    <property name="java.vendor.url.bug" value="https://bugreport.java.com/bugreport/"/>
    <property name="java.io.tmpdir" value="C:\Users\HP\AppData\Local\Temp\"/>
    <property name="java.version" value="23.0.1"/>
    <property name="user.dir" value="C:\Users\HP\Desktop\Probation Work by Agastya\apiservice 2\apiservice 2"/>
    <property name="os.arch" value="amd64"/>
    <property name="java.vm.specification.name" value="Java Virtual Machine Specification"/>
    <property name="PID" value="14952"/>
    <property name="sun.os.patch.level" value=""/>
    <property name="CONSOLE_LOG_CHARSET" value="UTF-8"/>
    <property name="native.encoding" value="Cp1252"/>
    <property name="java.library.path" value="C:\Program Files\Java\jdk-23\bin;C:\WINDOWS\Sun\Java\bin;C:\WINDOWS\system32;C:\WINDOWS;C:\Python312\Scripts\;C:\Python312\;C:\Program Files\Common Files\Oracle\Java\javapath;C:\Program Files\Python313\Scripts\;C:\Program Files\Python313\;C:\WINDOWS\system32;C:\WINDOWS;C:\WINDOWS\System32\Wbem;C:\WINDOWS\System32\WindowsPowerShell\v1.0\;C:\WINDOWS\System32\OpenSSH\;C:\Program Files\Python313\Scripts;C:\Program Files\Java\jdk-23\bin;C:\Program Files\nodejs\;C:\ProgramData\chocolatey\bin;C:\Program Files\Amazon\AWSCLI\bin\;C:\Users\HP\AppData\Local\Microsoft\WindowsApps;C:\Users\HP\AppData\Roaming\npm;C:\Users\HP\AppData\Local\Programs\Microsoft VS Code\bin;C:\Program Files\apache-maven-3.9.9\bin;;."/>
    <property name="java.vm.info" value="mixed mode, sharing"/>
    <property name="stderr.encoding" value="Cp1252"/>
    <property name="java.vendor" value="Oracle Corporation"/>
    <property name="java.vm.version" value="23.0.1+11-39"/>
    <property name="sun.io.unicode.encoding" value="UnicodeLittle"/>
    <property name="java.class.version" value="67.0"/>
  </properties>
  <testcase name="invalidResource_streamRequest_responds404" classname="com.niine.serverless.apiservice.StreamLambdaHandlerTest" time="0.104">
    <system-out><![CDATA[14:36:22.588 [main] INFO com.amazonaws.serverless.proxy.internal.LambdaContainerHandler -- Starting Lambda Container Handler
Standard Commons Logging discovery in action with spring-jcl: please remove commons-logging.jar from classpath in order to avoid potential conflicts

  .   ____          _            __ _ _
 /\\ / ___'_ __ _ _(_)_ __  __ _ \ \ \ \
( ( )\___ | '_ | '_| | '_ \/ _` | \ \ \ \
 \\/  ___)| |_)| | | | | || (_| |  ) ) ) )
  '  |____| .__|_| |_|_| |_\__, | / / / /
 =========|_|==============|___/=/_/_/_/
 :: Spring Boot ::                (v3.2.7)

2025-01-20T14:36:24.315+05:30  WARN 14952 --- [           main] o.s.web.servlet.PageNotFound             : No mapping for GET /pong
2025-01-20T14:36:24.319+05:30  WARN 14952 --- [           main] o.s.web.servlet.PageNotFound             : No endpoint GET /pong.
Response: {"statusCode":404,"multiValueHeaders":{},"body":"","isBase64Encoded":false}
]]></system-out>
  </testcase>
</testsuite>